2020-11-01 13:47:02.595 [restartedMain] WARN  o.s.b.w.s.c.AnnotationConfigServletWebServerApplicationContext - Exception encountered during context initialization - cancelling refresh attempt: org.springframework.beans.factory.UnsatisfiedDependencyException: Error creating bean with name 'userController' defined in file [/Users/song/java/workspace/idea/huangxunhui-basic_project-master/basic_project/target/classes/com/hxh/basic/project/controller/UserController.class]: Unsatisfied dependency expressed through constructor parameter 0; nested exception is org.springframework.beans.factory.UnsatisfiedDependencyException: Error creating bean with name 'userServiceImpl' defined in file [/Users/song/java/workspace/idea/huangxunhui-basic_project-master/basic_project/target/classes/com/hxh/basic/project/service/impl/UserServiceImpl.class]: Unsatisfied dependency expressed through constructor parameter 0; nested exception is org.springframework.beans.factory.UnsatisfiedDependencyException: Error creating bean with name 'userMapper' defined in file [/Users/song/java/workspace/idea/huangxunhui-basic_project-master/basic_project/target/classes/com/hxh/basic/project/mapper/UserMapper.class]: Unsatisfied dependency expressed through bean property 'sqlSessionFactory'; nested exception is org.springframework.beans.factory.BeanCreationException: Error creating bean with name 'sqlSessionFactory' defined in class path resource [com/baomidou/mybatisplus/autoconfigure/MybatisPlusAutoConfiguration.class]: Bean instantiation via factory method failed; nested exception is org.springframework.beans.BeanInstantiationException: Failed to instantiate [org.apache.ibatis.session.SqlSessionFactory]: Factory method 'sqlSessionFactory' threw exception; nested exception is com.baomidou.mybatisplus.core.exceptions.MybatisPlusException: Error: GlobalConfigUtils setMetaData Fail !  Cause:com.mysql.cj.jdbc.exceptions.CommunicationsException: Communications link failure

The last packet sent successfully to the server was 0 milliseconds ago. The driver has not received any packets from the server.
2020-11-01 13:53:11.954 [http-nio-8080-exec-3] WARN  o.s.w.s.m.m.a.ExceptionHandlerExceptionResolver - Resolved [org.springframework.validation.BindException: org.springframework.validation.BeanPropertyBindingResult: 1 errors
Field error in object 'listUserForm' on field 'status': rejected value [null]; codes [NotEmpty.listUserForm.status,NotEmpty.status,NotEmpty.java.lang.String,NotEmpty]; arguments [org.springframework.context.support.DefaultMessageSourceResolvable: codes [listUserForm.status,status]; arguments []; default message [status]]; default message [用户状态不能为空]]
2020-11-01 13:54:11.855 [http-nio-8080-exec-5] WARN  o.s.w.s.m.m.a.ExceptionHandlerExceptionResolver - Resolved [org.springframework.jdbc.BadSqlGrammarException: 
### Error querying database.  Cause: java.sql.SQLSyntaxErrorException: Table 'mydb.user' doesn't exist
### The error may exist in com/hxh/basic/project/mapper/UserMapper.java (best guess)
### The error may involve defaultParameterMap
### The error occurred while setting parameters
### SQL: SELECT COUNT( 1 ) FROM user     WHERE status = ?
### Cause: java.sql.SQLSyntaxErrorException: Table 'mydb.user' doesn't exist
; bad SQL grammar []; nested exception is java.sql.SQLSyntaxErrorException: Table 'mydb.user' doesn't exist]
2020-11-01 13:54:17.685 [http-nio-8080-exec-6] WARN  o.s.w.s.m.m.a.ExceptionHandlerExceptionResolver - Resolved [org.springframework.jdbc.BadSqlGrammarException: 
### Error querying database.  Cause: java.sql.SQLSyntaxErrorException: Table 'mydb.user' doesn't exist
### The error may exist in com/hxh/basic/project/mapper/UserMapper.java (best guess)
### The error may involve defaultParameterMap
### The error occurred while setting parameters
### SQL: SELECT COUNT( 1 ) FROM user     WHERE status = ?
### Cause: java.sql.SQLSyntaxErrorException: Table 'mydb.user' doesn't exist
; bad SQL grammar []; nested exception is java.sql.SQLSyntaxErrorException: Table 'mydb.user' doesn't exist]
2020-11-01 13:54:22.924 [http-nio-8080-exec-7] WARN  o.s.w.s.m.m.a.ExceptionHandlerExceptionResolver - Resolved [org.springframework.validation.BindException: org.springframework.validation.BeanPropertyBindingResult: 1 errors
Field error in object 'listUserForm' on field 'status': rejected value [99]; codes [Range.listUserForm.status,Range.status,Range.java.lang.String,Range]; arguments [org.springframework.context.support.DefaultMessageSourceResolvable: codes [listUserForm.status,status]; arguments []; default message [status],1,-1]; default message [用户状态有误]]
2020-11-01 13:54:36.601 [http-nio-8080-exec-8] WARN  o.s.w.s.m.m.a.ExceptionHandlerExceptionResolver - Resolved [org.springframework.validation.BindException: org.springframework.validation.BeanPropertyBindingResult: 1 errors
Field error in object 'listUserForm' on field 'status': rejected value [99]; codes [Range.listUserForm.status,Range.status,Range.java.lang.String,Range]; arguments [org.springframework.context.support.DefaultMessageSourceResolvable: codes [listUserForm.status,status]; arguments []; default message [status],1,-1]; default message [用户状态有误]]
2020-11-01 13:54:37.948 [http-nio-8080-exec-9] WARN  o.s.w.s.m.m.a.ExceptionHandlerExceptionResolver - Resolved [org.springframework.validation.BindException: org.springframework.validation.BeanPropertyBindingResult: 1 errors
Field error in object 'listUserForm' on field 'status': rejected value [99]; codes [Range.listUserForm.status,Range.status,Range.java.lang.String,Range]; arguments [org.springframework.context.support.DefaultMessageSourceResolvable: codes [listUserForm.status,status]; arguments []; default message [status],1,-1]; default message [用户状态有误]]
2020-11-01 13:55:03.733 [http-nio-8080-exec-1] WARN  o.s.w.s.m.m.a.ExceptionHandlerExceptionResolver - Resolved [org.springframework.validation.BindException: org.springframework.validation.BeanPropertyBindingResult: 1 errors
Field error in object 'listUserForm' on field 'status': rejected value [99]; codes [Range.listUserForm.status,Range.status,Range.java.lang.String,Range]; arguments [org.springframework.context.support.DefaultMessageSourceResolvable: codes [listUserForm.status,status]; arguments []; default message [status],1,-1]; default message [用户状态有误1]]
2020-11-01 13:55:03.935 [http-nio-8080-exec-3] WARN  o.s.w.s.m.m.a.ExceptionHandlerExceptionResolver - Resolved [org.springframework.validation.BindException: org.springframework.validation.BeanPropertyBindingResult: 1 errors
Field error in object 'listUserForm' on field 'status': rejected value [99]; codes [Range.listUserForm.status,Range.status,Range.java.lang.String,Range]; arguments [org.springframework.context.support.DefaultMessageSourceResolvable: codes [listUserForm.status,status]; arguments []; default message [status],1,-1]; default message [用户状态有误1]]
2020-11-01 13:55:09.811 [http-nio-8080-exec-4] WARN  o.s.w.s.m.m.a.ExceptionHandlerExceptionResolver - Resolved [org.springframework.validation.BindException: org.springframework.validation.BeanPropertyBindingResult: 1 errors
Field error in object 'listUserForm' on field 'status': rejected value [99]; codes [Range.listUserForm.status,Range.status,Range.java.lang.String,Range]; arguments [org.springframework.context.support.DefaultMessageSourceResolvable: codes [listUserForm.status,status]; arguments []; default message [status],1,-1]; default message [用户状态有误21]]
2020-11-01 13:55:09.928 [http-nio-8080-exec-5] WARN  org.mybatis.spring.mapper.ClassPathMapperScanner - No MyBatis mapper was found in '[com.hxh.basic.project.mapper]' package. Please check your configuration.
2020-11-01 13:55:09.958 [http-nio-8080-exec-5] WARN  o.s.w.s.m.m.a.ExceptionHandlerExceptionResolver - Resolved [org.springframework.validation.BindException: org.springframework.validation.BeanPropertyBindingResult: 1 errors
Field error in object 'listUserForm' on field 'status': rejected value [99]; codes [Range.listUserForm.status,Range.status,Range.java.lang.String,Range]; arguments [org.springframework.context.support.DefaultMessageSourceResolvable: codes [listUserForm.status,status]; arguments []; default message [status],1,-1]; default message [用户状态有误21]]
2020-11-01 13:55:10.169 [http-nio-8080-exec-6] WARN  o.s.w.s.m.m.a.ExceptionHandlerExceptionResolver - Resolved [org.springframework.validation.BindException: org.springframework.validation.BeanPropertyBindingResult: 1 errors
Field error in object 'listUserForm' on field 'status': rejected value [99]; codes [Range.listUserForm.status,Range.status,Range.java.lang.String,Range]; arguments [org.springframework.context.support.DefaultMessageSourceResolvable: codes [listUserForm.status,status]; arguments []; default message [status],1,-1]; default message [用户状态有误21]]
2020-11-01 13:55:10.440 [http-nio-8080-exec-7] WARN  o.s.w.s.m.m.a.ExceptionHandlerExceptionResolver - Resolved [org.springframework.validation.BindException: org.springframework.validation.BeanPropertyBindingResult: 1 errors
Field error in object 'listUserForm' on field 'status': rejected value [99]; codes [Range.listUserForm.status,Range.status,Range.java.lang.String,Range]; arguments [org.springframework.context.support.DefaultMessageSourceResolvable: codes [listUserForm.status,status]; arguments []; default message [status],1,-1]; default message [用户状态有误21]]
2020-11-01 13:55:17.240 [http-nio-8080-exec-8] WARN  o.s.w.s.m.m.a.ExceptionHandlerExceptionResolver - Resolved [org.springframework.validation.BindException: org.springframework.validation.BeanPropertyBindingResult: 1 errors
Field error in object 'listUserForm' on field 'status': rejected value [3]; codes [Range.listUserForm.status,Range.status,Range.java.lang.String,Range]; arguments [org.springframework.context.support.DefaultMessageSourceResolvable: codes [listUserForm.status,status]; arguments []; default message [status],1,-1]; default message [用户状态有误21]]
2020-11-01 13:55:21.535 [http-nio-8080-exec-9] WARN  org.mybatis.spring.mapper.ClassPathMapperScanner - No MyBatis mapper was found in '[com.hxh.basic.project.mapper]' package. Please check your configuration.
2020-11-01 13:55:21.557 [http-nio-8080-exec-9] WARN  o.s.w.s.m.m.a.ExceptionHandlerExceptionResolver - Resolved [org.springframework.validation.BindException: org.springframework.validation.BeanPropertyBindingResult: 1 errors
Field error in object 'listUserForm' on field 'status': rejected value [3]; codes [Range.listUserForm.status,Range.status,Range.java.lang.String,Range]; arguments [org.springframework.context.support.DefaultMessageSourceResolvable: codes [listUserForm.status,status]; arguments []; default message [status],1,-1]; default message [用户状态有误21]]
2020-11-01 13:55:22.141 [http-nio-8080-exec-10] WARN  o.s.w.s.m.m.a.ExceptionHandlerExceptionResolver - Resolved [org.springframework.validation.BindException: org.springframework.validation.BeanPropertyBindingResult: 1 errors
Field error in object 'listUserForm' on field 'status': rejected value [3]; codes [Range.listUserForm.status,Range.status,Range.java.lang.String,Range]; arguments [org.springframework.context.support.DefaultMessageSourceResolvable: codes [listUserForm.status,status]; arguments []; default message [status],1,-1]; default message [用户状态有误21]]
2020-11-01 13:55:22.296 [http-nio-8080-exec-1] WARN  o.s.w.s.m.m.a.ExceptionHandlerExceptionResolver - Resolved [org.springframework.validation.BindException: org.springframework.validation.BeanPropertyBindingResult: 1 errors
Field error in object 'listUserForm' on field 'status': rejected value [3]; codes [Range.listUserForm.status,Range.status,Range.java.lang.String,Range]; arguments [org.springframework.context.support.DefaultMessageSourceResolvable: codes [listUserForm.status,status]; arguments []; default message [status],1,-1]; default message [用户状态有误21]]
2020-11-01 13:55:22.452 [http-nio-8080-exec-2] WARN  o.s.w.s.m.m.a.ExceptionHandlerExceptionResolver - Resolved [org.springframework.validation.BindException: org.springframework.validation.BeanPropertyBindingResult: 1 errors
Field error in object 'listUserForm' on field 'status': rejected value [3]; codes [Range.listUserForm.status,Range.status,Range.java.lang.String,Range]; arguments [org.springframework.context.support.DefaultMessageSourceResolvable: codes [listUserForm.status,status]; arguments []; default message [status],1,-1]; default message [用户状态有误21]]
2020-11-01 13:55:22.632 [http-nio-8080-exec-3] WARN  o.s.w.s.m.m.a.ExceptionHandlerExceptionResolver - Resolved [org.springframework.validation.BindException: org.springframework.validation.BeanPropertyBindingResult: 1 errors
Field error in object 'listUserForm' on field 'status': rejected value [3]; codes [Range.listUserForm.status,Range.status,Range.java.lang.String,Range]; arguments [org.springframework.context.support.DefaultMessageSourceResolvable: codes [listUserForm.status,status]; arguments []; default message [status],1,-1]; default message [用户状态有误221]]
2020-11-01 13:55:22.770 [http-nio-8080-exec-4] WARN  o.s.w.s.m.m.a.ExceptionHandlerExceptionResolver - Resolved [org.springframework.validation.BindException: org.springframework.validation.BeanPropertyBindingResult: 1 errors
Field error in object 'listUserForm' on field 'status': rejected value [3]; codes [Range.listUserForm.status,Range.status,Range.java.lang.String,Range]; arguments [org.springframework.context.support.DefaultMessageSourceResolvable: codes [listUserForm.status,status]; arguments []; default message [status],1,-1]; default message [用户状态有误221]]
2020-11-01 13:55:22.925 [http-nio-8080-exec-5] WARN  o.s.w.s.m.m.a.ExceptionHandlerExceptionResolver - Resolved [org.springframework.validation.BindException: org.springframework.validation.BeanPropertyBindingResult: 1 errors
Field error in object 'listUserForm' on field 'status': rejected value [3]; codes [Range.listUserForm.status,Range.status,Range.java.lang.String,Range]; arguments [org.springframework.context.support.DefaultMessageSourceResolvable: codes [listUserForm.status,status]; arguments []; default message [status],1,-1]; default message [用户状态有误221]]
2020-11-01 16:30:51.132 [main] WARN  o.s.b.d.autoconfigure.OptionalLiveReloadServer - Unable to start LiveReload server
2020-11-01 16:31:04.755 [http-nio-8080-exec-1] WARN  o.s.w.s.m.m.a.ExceptionHandlerExceptionResolver - Resolved [org.springframework.jdbc.BadSqlGrammarException: 
### Error querying database.  Cause: java.sql.SQLSyntaxErrorException: Table 'mydb.user' doesn't exist
### The error may exist in com/hxh/basic/project/mapper/UserMapper.java (best guess)
### The error may involve defaultParameterMap
### The error occurred while setting parameters
### SQL: SELECT COUNT( 1 ) FROM user     WHERE status = ?
### Cause: java.sql.SQLSyntaxErrorException: Table 'mydb.user' doesn't exist
; bad SQL grammar []; nested exception is java.sql.SQLSyntaxErrorException: Table 'mydb.user' doesn't exist]
2020-11-01 16:31:16.872 [http-nio-8080-exec-3] WARN  o.s.w.s.m.m.a.ExceptionHandlerExceptionResolver - Resolved [org.springframework.jdbc.BadSqlGrammarException: 
### Error querying database.  Cause: java.sql.SQLSyntaxErrorException: Table 'mydb.user' doesn't exist
### The error may exist in com/hxh/basic/project/mapper/UserMapper.java (best guess)
### The error may involve defaultParameterMap
### The error occurred while setting parameters
### SQL: SELECT COUNT( 1 ) FROM user     WHERE status = ?
### Cause: java.sql.SQLSyntaxErrorException: Table 'mydb.user' doesn't exist
; bad SQL grammar []; nested exception is java.sql.SQLSyntaxErrorException: Table 'mydb.user' doesn't exist]
2020-11-01 16:31:40.637 [http-nio-8080-exec-4] WARN  o.s.w.s.m.m.a.ExceptionHandlerExceptionResolver - Resolved [org.springframework.jdbc.BadSqlGrammarException: 
### Error querying database.  Cause: java.sql.SQLSyntaxErrorException: Table 'mydb.user' doesn't exist
### The error may exist in com/hxh/basic/project/mapper/UserMapper.java (best guess)
### The error may involve defaultParameterMap
### The error occurred while setting parameters
### SQL: SELECT COUNT( 1 ) FROM user     WHERE status = ?
### Cause: java.sql.SQLSyntaxErrorException: Table 'mydb.user' doesn't exist
; bad SQL grammar []; nested exception is java.sql.SQLSyntaxErrorException: Table 'mydb.user' doesn't exist]
2020-11-01 16:31:44.503 [http-nio-8080-exec-5] WARN  o.s.w.s.m.m.a.ExceptionHandlerExceptionResolver - Resolved [org.springframework.validation.BindException: org.springframework.validation.BeanPropertyBindingResult: 1 errors
Field error in object 'listUserForm' on field 'status': rejected value [1111]; codes [Range.listUserForm.status,Range.status,Range.java.lang.String,Range]; arguments [org.springframework.context.support.DefaultMessageSourceResolvable: codes [listUserForm.status,status]; arguments []; default message [status],1,-1]; default message [用户状态有误221]]
2020-11-01 16:34:11.694 [DatebookHikariCP housekeeper] WARN  com.zaxxer.hikari.pool.HikariPool - DatebookHikariCP - Thread starvation or clock leap detected (housekeeper delta=2m26s43ms).
2020-11-01 16:34:27.519 [http-nio-8080-exec-7] WARN  o.s.w.s.m.m.a.ExceptionHandlerExceptionResolver - Resolved [org.springframework.jdbc.BadSqlGrammarException: 
### Error querying database.  Cause: java.sql.SQLSyntaxErrorException: Table 'mydb.user' doesn't exist
### The error may exist in com/hxh/basic/project/mapper/UserMapper.java (best guess)
### The error may involve defaultParameterMap
### The error occurred while setting parameters
### SQL: SELECT COUNT( 1 ) FROM user     WHERE status = ?
### Cause: java.sql.SQLSyntaxErrorException: Table 'mydb.user' doesn't exist
; bad SQL grammar []; nested exception is java.sql.SQLSyntaxErrorException: Table 'mydb.user' doesn't exist]
2020-11-01 16:36:02.503 [http-nio-8080-exec-10] WARN  o.s.w.s.m.m.a.ExceptionHandlerExceptionResolver - Resolved [org.springframework.jdbc.BadSqlGrammarException: 
### Error querying database.  Cause: java.sql.SQLSyntaxErrorException: Unknown column 'status' in 'where clause'
### The error may exist in com/hxh/basic/project/mapper/UserMapper.java (best guess)
### The error may involve defaultParameterMap
### The error occurred while setting parameters
### SQL: SELECT COUNT( 1 ) FROM user     WHERE status = ?
### Cause: java.sql.SQLSyntaxErrorException: Unknown column 'status' in 'where clause'
; bad SQL grammar []; nested exception is java.sql.SQLSyntaxErrorException: Unknown column 'status' in 'where clause']
2020-11-01 16:36:05.128 [http-nio-8080-exec-1] WARN  o.s.w.s.m.m.a.ExceptionHandlerExceptionResolver - Resolved [org.springframework.jdbc.BadSqlGrammarException: 
### Error querying database.  Cause: java.sql.SQLSyntaxErrorException: Unknown column 'status' in 'where clause'
### The error may exist in com/hxh/basic/project/mapper/UserMapper.java (best guess)
### The error may involve defaultParameterMap
### The error occurred while setting parameters
### SQL: SELECT COUNT( 1 ) FROM user     WHERE status = ?
### Cause: java.sql.SQLSyntaxErrorException: Unknown column 'status' in 'where clause'
; bad SQL grammar []; nested exception is java.sql.SQLSyntaxErrorException: Unknown column 'status' in 'where clause']
2020-11-01 16:36:07.083 [http-nio-8080-exec-2] WARN  o.s.w.s.m.m.a.ExceptionHandlerExceptionResolver - Resolved [org.springframework.jdbc.BadSqlGrammarException: 
### Error querying database.  Cause: java.sql.SQLSyntaxErrorException: Unknown column 'status' in 'where clause'
### The error may exist in com/hxh/basic/project/mapper/UserMapper.java (best guess)
### The error may involve defaultParameterMap
### The error occurred while setting parameters
### SQL: SELECT COUNT( 1 ) FROM user     WHERE status = ?
### Cause: java.sql.SQLSyntaxErrorException: Unknown column 'status' in 'where clause'
; bad SQL grammar []; nested exception is java.sql.SQLSyntaxErrorException: Unknown column 'status' in 'where clause']
2020-11-01 16:36:12.392 [http-nio-8080-exec-3] WARN  o.s.w.s.m.m.a.ExceptionHandlerExceptionResolver - Resolved [org.springframework.jdbc.BadSqlGrammarException: 
### Error querying database.  Cause: java.sql.SQLSyntaxErrorException: Unknown column 'status' in 'where clause'
### The error may exist in com/hxh/basic/project/mapper/UserMapper.java (best guess)
### The error may involve defaultParameterMap
### The error occurred while setting parameters
### SQL: SELECT COUNT( 1 ) FROM user     WHERE status = ?
### Cause: java.sql.SQLSyntaxErrorException: Unknown column 'status' in 'where clause'
; bad SQL grammar []; nested exception is java.sql.SQLSyntaxErrorException: Unknown column 'status' in 'where clause']
2020-11-01 16:40:24.780 [http-nio-8080-exec-6] WARN  o.s.w.s.m.m.a.ExceptionHandlerExceptionResolver - Resolved [java.lang.NullPointerException]
2020-11-01 16:40:26.083 [http-nio-8080-exec-8] WARN  o.s.w.s.m.m.a.ExceptionHandlerExceptionResolver - Resolved [java.lang.NullPointerException]
2020-11-01 16:54:54.700 [http-nio-8080-exec-1] WARN  o.s.w.s.m.m.a.ExceptionHandlerExceptionResolver - Resolved [java.lang.NullPointerException]
2020-11-01 16:55:41.905 [http-nio-8080-exec-2] WARN  o.s.w.s.m.m.a.ExceptionHandlerExceptionResolver - Resolved [java.lang.NullPointerException]
2020-11-01 16:55:43.945 [http-nio-8080-exec-3] WARN  o.s.w.s.m.m.a.ExceptionHandlerExceptionResolver - Resolved [java.lang.NullPointerException]
2020-11-01 16:55:45.885 [http-nio-8080-exec-4] WARN  o.s.w.s.m.m.a.ExceptionHandlerExceptionResolver - Resolved [java.lang.NullPointerException]
2020-11-01 17:09:13.851 [http-nio-8080-exec-10] WARN  o.s.w.s.m.m.a.ExceptionHandlerExceptionResolver - Resolved [java.lang.NullPointerException]
2020-11-01 21:23:06.827 [main] WARN  o.s.b.w.s.c.AnnotationConfigServletWebServerApplicationContext - Exception encountered during context initialization - cancelling refresh attempt: org.springframework.beans.factory.UnsatisfiedDependencyException: Error creating bean with name 'userController' defined in file [/Users/song/java/workspace/idea/huangxunhui-basic_project-master/basic_project/target/classes/com/hxh/basic/project/controller/UserController.class]: Unsatisfied dependency expressed through constructor parameter 0; nested exception is org.springframework.beans.factory.UnsatisfiedDependencyException: Error creating bean with name 'userServiceImpl' defined in file [/Users/song/java/workspace/idea/huangxunhui-basic_project-master/basic_project/target/classes/com/hxh/basic/project/service/impl/UserServiceImpl.class]: Unsatisfied dependency expressed through constructor parameter 0; nested exception is org.springframework.beans.factory.UnsatisfiedDependencyException: Error creating bean with name 'userMapper' defined in file [/Users/song/java/workspace/idea/huangxunhui-basic_project-master/basic_project/target/classes/com/hxh/basic/project/mapper/UserMapper.class]: Unsatisfied dependency expressed through bean property 'sqlSessionFactory'; nested exception is org.springframework.beans.factory.BeanCreationException: Error creating bean with name 'sqlSessionFactory' defined in class path resource [com/baomidou/mybatisplus/autoconfigure/MybatisPlusAutoConfiguration.class]: Bean instantiation via factory method failed; nested exception is org.springframework.beans.BeanInstantiationException: Failed to instantiate [org.apache.ibatis.session.SqlSessionFactory]: Factory method 'sqlSessionFactory' threw exception; nested exception is com.baomidou.mybatisplus.core.exceptions.MybatisPlusException: Error: GlobalConfigUtils setMetaData Fail !  Cause:java.sql.SQLNonTransientConnectionException: Public Key Retrieval is not allowed
2020-11-01 21:23:33.044 [main] WARN  o.s.b.w.s.c.AnnotationConfigServletWebServerApplicationContext - Exception encountered during context initialization - cancelling refresh attempt: org.springframework.beans.factory.UnsatisfiedDependencyException: Error creating bean with name 'userController' defined in file [/Users/song/java/workspace/idea/huangxunhui-basic_project-master/basic_project/target/classes/com/hxh/basic/project/controller/UserController.class]: Unsatisfied dependency expressed through constructor parameter 0; nested exception is org.springframework.beans.factory.UnsatisfiedDependencyException: Error creating bean with name 'userServiceImpl' defined in file [/Users/song/java/workspace/idea/huangxunhui-basic_project-master/basic_project/target/classes/com/hxh/basic/project/service/impl/UserServiceImpl.class]: Unsatisfied dependency expressed through constructor parameter 0; nested exception is org.springframework.beans.factory.UnsatisfiedDependencyException: Error creating bean with name 'userMapper' defined in file [/Users/song/java/workspace/idea/huangxunhui-basic_project-master/basic_project/target/classes/com/hxh/basic/project/mapper/UserMapper.class]: Unsatisfied dependency expressed through bean property 'sqlSessionFactory'; nested exception is org.springframework.beans.factory.BeanCreationException: Error creating bean with name 'sqlSessionFactory' defined in class path resource [com/baomidou/mybatisplus/autoconfigure/MybatisPlusAutoConfiguration.class]: Bean instantiation via factory method failed; nested exception is org.springframework.beans.BeanInstantiationException: Failed to instantiate [org.apache.ibatis.session.SqlSessionFactory]: Factory method 'sqlSessionFactory' threw exception; nested exception is com.baomidou.mybatisplus.core.exceptions.MybatisPlusException: Error: GlobalConfigUtils setMetaData Fail !  Cause:java.sql.SQLNonTransientConnectionException: Public Key Retrieval is not allowed
2020-11-01 21:25:46.023 [http-nio-8080-exec-1] WARN  o.s.w.s.m.m.a.ExceptionHandlerExceptionResolver - Resolved [java.lang.NullPointerException]
